Unity Editor version:    2020.3.19f1 (68f137dc9bbe)
Branch:                  2020.3/staging
Build type:              Release
Batch mode:              YES
macOS version:           Version 10.15.7 (Build 19H1419)
Darwin version:          19.6.0
Architecture:            x86_64
Running under Rosetta:   NO
Available memory:        65536 MB
Using pre-set license
Pro License: NO

COMMAND LINE ARGUMENTS:
/Applications/Unity/Hub/Editor/2020.3.19f1/Unity.app/Contents/MacOS/Unity
-adb2
-batchMode
-noUpm
-name
AssetImportWorker0
-projectPath
/Users/nyuad/Desktop/W11_ShaderGraph/Shader-Graph-Lab
-logFile
Logs/AssetImportWorker0.log
-srvPort
55214
Successfully changed project path to: /Users/nyuad/Desktop/W11_ShaderGraph/Shader-Graph-Lab
/Users/nyuad/Desktop/W11_ShaderGraph/Shader-Graph-Lab
Using Asset Import Pipeline V2.
Refreshing native plugins compatible for Editor in 59.74 ms, found 3 plugins.
Preloading 1 native plugins for Editor in 10.73 ms.
Initialize engine version: 2020.3.19f1 (68f137dc9bbe)
[Subsystems] Discovering subsystems at path /Applications/Unity/Hub/Editor/2020.3.19f1/Unity.app/Contents/Resources/UnitySubsystems
[Subsystems] Discovering subsystems at path /Users/nyuad/Desktop/W11_ShaderGraph/Shader-Graph-Lab/Assets
GfxDevice: creating device client; threaded=0
2021-11-15 15:01:25.874 Unity[69843:755290] iMac preferred device: AMD Radeon Pro Vega 64 (high power)
2021-11-15 15:01:25.874 Unity[69843:755290] Metal devices available: 1
2021-11-15 15:01:25.874 Unity[69843:755290] 0: AMD Radeon Pro Vega 64 (high power)
2021-11-15 15:01:25.874 Unity[69843:755290] Using device AMD Radeon Pro Vega 64 (high power)
Initializing Metal device caps: AMD Radeon Pro Vega 64
Initialize mono
Mono path[0] = '/Applications/Unity/Hub/Editor/2020.3.19f1/Unity.app/Contents/Managed'
Mono path[1] = '/Applications/Unity/Hub/Editor/2020.3.19f1/Unity.app/Contents/MonoBleedingEdge/lib/mono/unityjit'
Mono config path = '/Applications/Unity/Hub/Editor/2020.3.19f1/Unity.app/Contents/MonoBleedingEdge/etc'
Using monoOptions --debugger-agent=transport=dt_socket,embedding=1,server=y,suspend=n,address=127.0.0.1:56843
Begin MonoManager ReloadAssembly
Registering precompiled unity dll's ...
Register platform support module: /Applications/Unity/Hub/Editor/2020.3.19f1/Unity.app/Contents/PlaybackEngines/MacStandaloneSupport/UnityEditor.OSXStandalone.Extensions.dll
Registered in 0.000635 seconds.
Native extension for OSXStandalone target not found
Refreshing native plugins compatible for Editor in 52.36 ms, found 3 plugins.
Preloading 1 native plugins for Editor in 0.45 ms.
Mono: successfully reloaded assembly
- Completed reload, in  2.511 seconds
Domain Reload Profiling:
	ReloadAssembly (2511ms)
		BeginReloadAssembly (59ms)
			ExecutionOrderSort (0ms)
			DisableScriptedObjects (0ms)
			BackupInstance (0ms)
			ReleaseScriptingObjects (0ms)
			CreateAndSetChildDomain (1ms)
		EndReloadAssembly (438ms)
			LoadAssemblies (58ms)
			RebuildTransferFunctionScriptingTraits (0ms)
			SetupTypeCache (170ms)
			ReleaseScriptCaches (0ms)
			RebuildScriptCaches (39ms)
			SetupLoadedEditorAssemblies (179ms)
				LogAssemblyErrors (0ms)
				InitializePlatformSupportModulesInManaged (4ms)
				SetLoadedEditorAssemblies (0ms)
				RefreshPlugins (53ms)
				BeforeProcessingInitializeOnLoad (8ms)
				ProcessInitializeOnLoadAttributes (87ms)
				ProcessInitializeOnLoadMethodAttributes (28ms)
				AfterProcessingInitializeOnLoad (0ms)
				EditorAssembliesLoaded (0ms)
			ExecutionOrderSort2 (0ms)
			AwakeInstancesAfterBackupRestoration (0ms)
Platform modules already initialized, skipping
Registering precompiled user dll's ...
Registered in 0.002859 seconds.
Begin MonoManager ReloadAssembly
Native extension for OSXStandalone target not found
Refreshing native plugins compatible for Editor in 54.44 ms, found 3 plugins.
Preloading 1 native plugins for Editor in 0.45 ms.
Mono: successfully reloaded assembly
- Completed reload, in  1.295 seconds
Domain Reload Profiling:
	ReloadAssembly (1296ms)
		BeginReloadAssembly (177ms)
			ExecutionOrderSort (0ms)
			DisableScriptedObjects (4ms)
			BackupInstance (0ms)
			ReleaseScriptingObjects (0ms)
			CreateAndSetChildDomain (35ms)
		EndReloadAssembly (1055ms)
			LoadAssemblies (101ms)
			RebuildTransferFunctionScriptingTraits (0ms)
			SetupTypeCache (378ms)
			ReleaseScriptCaches (1ms)
			RebuildScriptCaches (65ms)
			SetupLoadedEditorAssemblies (394ms)
				LogAssemblyErrors (0ms)
				InitializePlatformSupportModulesInManaged (3ms)
				SetLoadedEditorAssemblies (0ms)
				RefreshPlugins (55ms)
				BeforeProcessingInitializeOnLoad (76ms)
				ProcessInitializeOnLoadAttributes (253ms)
				ProcessInitializeOnLoadMethodAttributes (4ms)
				AfterProcessingInitializeOnLoad (1ms)
				EditorAssembliesLoaded (0ms)
			ExecutionOrderSort2 (0ms)
			AwakeInstancesAfterBackupRestoration (6ms)
Platform modules already initialized, skipping
Validating Project structure ... 0.001246 seconds.
Shader import version has changed; will reimport all shaders...
Upgrading shader files ...0.001616 seconds.
Application.AssetDatabase Initial Script Refresh Start
RefreshInfo: InitialScriptRefreshV2(NoUpdateAssetOptions) scanfilter:  ... 1 filters
RefreshProfiler: Total: 0.000ms
Application.AssetDatabase Initial Script Refresh End
Application.AssetDatabase.Refresh Start
Application.AssetDatabase.Refresh End
RefreshInfo: StopAssetImportingV2(ForceSynchronousImport) scanfilter: 
RefreshProfiler: Total: 0.000ms
Launching external process: /Applications/Unity/Hub/Editor/2020.3.19f1/Unity.app/Contents/Tools/UnityShaderCompiler
Launched and connected shader compiler UnityShaderCompiler after 0.01 seconds
Initializing Unity extensions:
========================================================================
Worker process is ready to serve import requests
Refreshing native plugins compatible for Editor in 0.79 ms, found 3 plugins.
Preloading 1 native plugins for Editor in 0.53 ms.
Unloading 3615 Unused Serialized files (Serialized files now loaded: 0)
System memory in use before: 285.0 MB.
System memory in use after: 284.7 MB.

Unloading 172 unused Assets to reduce memory usage. Loaded Objects now: 4091.
Total: 4.811230 ms (FindLiveObjects: 0.496948 ms CreateObjectMapping: 0.198320 ms MarkObjects: 3.823913 ms  DeleteObjects: 0.291365 ms)

AssetImportParameters requested are different than current active one (requested -> active):
  custom:video-decoder-ogg-theora: a1e56fd34408186e4bbccfd4996cb3dc -> 
  custom:container-muxer-webm: aa71ff27fc2769a1b78a27578f13a17b -> 
  custom:container-demuxer-webm: 4f35f7cbe854078d1ac9338744f61a02 -> 
  custom:container-demuxer-ogg: 62fdf1f143b41e24485cea50d1cbac27 -> 
  custom:video-encoder-webm-vp8: eb34c28f22e8b96e1ab97ce403110664 -> 
  custom:framework-osx-AVFoundation: b23960f63f64bdc6ff669e2cdcee2391 -> 
  custom:video-decoder-webm-vp8: 9c59270c3fd7afecdb556c50c9e8de78 -> 
  custom:audio-decoder-ogg-vorbis: bf7c407c2cedff20999df2af8eb42d56 -> 
  custom:audio-encoder-webm-vorbis: bf7c407c2cedff20999df2af8eb42d56 -> 
========================================================================
Received Import Request.
  path: Packages/com.unity.render-pipelines.universal/Runtime/Materials/ParticlesUnlit.mat
  artifactKey: Guid(e823cd5b5d27c0f4b8256e7c12ee3e6d) Importer(815301076,1909f56bfc062723c751e8b465ee728b)
Start importing Packages/com.unity.render-pipelines.universal/Runtime/Materials/ParticlesUnlit.mat using Guid(e823cd5b5d27c0f4b8256e7c12ee3e6d) Importer(815301076,1909f56bfc062723c751e8b465ee728b)  -> (artifact id: '7a8abdab94e4b9dd64cd8a845a5f2438') in 0.387517 seconds 
  Import took 0.393688 seconds .

========================================================================
Received Import Request.
  Time since last request: 0.002237 seconds.
  path: Packages/com.unity.render-pipelines.universal/Runtime/Materials/TerrainLit.mat
  artifactKey: Guid(594ea882c5a793440b60ff72d896021e) Importer(815301076,1909f56bfc062723c751e8b465ee728b)
Start importing Packages/com.unity.render-pipelines.universal/Runtime/Materials/TerrainLit.mat using Guid(594ea882c5a793440b60ff72d896021e) Importer(815301076,1909f56bfc062723c751e8b465ee728b)  -> (artifact id: '5c20f00b9fdf93c8c1ef486094e74a30') in 0.479918 seconds 
  Import took 0.485876 seconds .

========================================================================
Received Import Request.
  Time since last request: 0.000252 seconds.
  path: Packages/com.unity.render-pipelines.universal/Runtime/Materials/Sprite-Unlit-Default.mat
  artifactKey: Guid(9dfc825aed78fcd4ba02077103263b40) Importer(815301076,1909f56bfc062723c751e8b465ee728b)
Start importing Packages/com.unity.render-pipelines.universal/Runtime/Materials/Sprite-Unlit-Default.mat using Guid(9dfc825aed78fcd4ba02077103263b40) Importer(815301076,1909f56bfc062723c751e8b465ee728b)  -> (artifact id: 'd7ce7eddc56e27bf2bd1986f7e2e2ae8') in 0.064561 seconds 
  Import took 0.070624 seconds .

========================================================================
Received Import Request.
  Time since last request: 0.000237 seconds.
  path: Packages/com.unity.render-pipelines.universal/Runtime/Materials/SimpleLit.mat
  artifactKey: Guid(6a1143ee683302f4aa628c052723efc1) Importer(815301076,1909f56bfc062723c751e8b465ee728b)
Start importing Packages/com.unity.render-pipelines.universal/Runtime/Materials/SimpleLit.mat using Guid(6a1143ee683302f4aa628c052723efc1) Importer(815301076,1909f56bfc062723c751e8b465ee728b)  -> (artifact id: '9c3d4094d1d49fc13ea301ef72459ac7') in 0.072048 seconds 
  Import took 0.077903 seconds .

========================================================================
Received Import Request.
  Time since last request: 0.000336 seconds.
  path: Packages/com.unity.render-pipelines.universal/Runtime/Materials/Sprite-Lit-Default.mat
  artifactKey: Guid(a97c105638bdf8b4a8650670310a4cd3) Importer(815301076,1909f56bfc062723c751e8b465ee728b)
Start importing Packages/com.unity.render-pipelines.universal/Runtime/Materials/Sprite-Lit-Default.mat using Guid(a97c105638bdf8b4a8650670310a4cd3) Importer(815301076,1909f56bfc062723c751e8b465ee728b)  -> (artifact id: '514a5f4fdd72c7fdaac9732efc26eb64') in 0.025141 seconds 
  Import took 0.031089 seconds .

========================================================================
Received Import Request.
  Time since last request: 0.000257 seconds.
  path: Packages/com.unity.render-pipelines.universal/Runtime/Materials/Lit.mat
  artifactKey: Guid(31321ba15b8f8eb4c954353edc038b1d) Importer(815301076,1909f56bfc062723c751e8b465ee728b)
Start importing Packages/com.unity.render-pipelines.universal/Runtime/Materials/Lit.mat using Guid(31321ba15b8f8eb4c954353edc038b1d) Importer(815301076,1909f56bfc062723c751e8b465ee728b)  -> (artifact id: '40c8b2e01182c85d77effdf5f266e586') in 0.010247 seconds 
  Import took 0.016267 seconds .

========================================================================
Received Import Request.
  Time since last request: 8.066635 seconds.
  path: Assets/Materials/Demo 1.mat
  artifactKey: Guid(cfc6bb77c8cd74cbd9bfeef9611ac7bb) Importer(815301076,1909f56bfc062723c751e8b465ee728b)
Start importing Assets/Materials/Demo 1.mat using Guid(cfc6bb77c8cd74cbd9bfeef9611ac7bb) Importer(815301076,1909f56bfc062723c751e8b465ee728b)  -> (artifact id: '95dab40aab5b2835f4789378979f7dbe') in 0.046384 seconds 
  Import took 0.052857 seconds .

========================================================================
Received Prepare
Registering precompiled user dll's ...
Registered in 0.002874 seconds.
Begin MonoManager ReloadAssembly
Native extension for OSXStandalone target not found
Refreshing native plugins compatible for Editor in 0.85 ms, found 3 plugins.
Preloading 1 native plugins for Editor in 0.50 ms.
Mono: successfully reloaded assembly
- Completed reload, in  1.321 seconds
Domain Reload Profiling:
	ReloadAssembly (1321ms)
		BeginReloadAssembly (174ms)
			ExecutionOrderSort (0ms)
			DisableScriptedObjects (5ms)
			BackupInstance (0ms)
			ReleaseScriptingObjects (0ms)
			CreateAndSetChildDomain (76ms)
		EndReloadAssembly (1086ms)
			LoadAssemblies (91ms)
			RebuildTransferFunctionScriptingTraits (0ms)
			SetupTypeCache (378ms)
			ReleaseScriptCaches (1ms)
			RebuildScriptCaches (52ms)
			SetupLoadedEditorAssemblies (376ms)
				LogAssemblyErrors (0ms)
				InitializePlatformSupportModulesInManaged (4ms)
				SetLoadedEditorAssemblies (0ms)
				RefreshPlugins (1ms)
				BeforeProcessingInitializeOnLoad (119ms)
				ProcessInitializeOnLoadAttributes (246ms)
				ProcessInitializeOnLoadMethodAttributes (4ms)
				AfterProcessingInitializeOnLoad (1ms)
				EditorAssembliesLoaded (0ms)
			ExecutionOrderSort2 (0ms)
			AwakeInstancesAfterBackupRestoration (15ms)
Platform modules already initialized, skipping
Refreshing native plugins compatible for Editor in 0.79 ms, found 3 plugins.
Preloading 1 native plugins for Editor in 0.45 ms.
Unloading 3464 Unused Serialized files (Serialized files now loaded: 0)
System memory in use before: 282.8 MB.
System memory in use after: 283.0 MB.

Unloading 18 unused Assets to reduce memory usage. Loaded Objects now: 4173.
Total: 4.487221 ms (FindLiveObjects: 0.446187 ms CreateObjectMapping: 0.183137 ms MarkObjects: 3.774208 ms  DeleteObjects: 0.082934 ms)

AssetImportParameters requested are different than current active one (requested -> active):
  custom:video-decoder-ogg-theora: a1e56fd34408186e4bbccfd4996cb3dc -> 
  custom:container-muxer-webm: aa71ff27fc2769a1b78a27578f13a17b -> 
  custom:container-demuxer-webm: 4f35f7cbe854078d1ac9338744f61a02 -> 
  custom:container-demuxer-ogg: 62fdf1f143b41e24485cea50d1cbac27 -> 
  custom:video-encoder-webm-vp8: eb34c28f22e8b96e1ab97ce403110664 -> 
  custom:framework-osx-AVFoundation: b23960f63f64bdc6ff669e2cdcee2391 -> 
  custom:video-decoder-webm-vp8: 9c59270c3fd7afecdb556c50c9e8de78 -> 
  custom:audio-decoder-ogg-vorbis: bf7c407c2cedff20999df2af8eb42d56 -> 
  custom:audio-encoder-webm-vorbis: bf7c407c2cedff20999df2af8eb42d56 -> 
========================================================================
Received Prepare
Registering precompiled user dll's ...
Registered in 0.002972 seconds.
Begin MonoManager ReloadAssembly
Native extension for OSXStandalone target not found
Refreshing native plugins compatible for Editor in 0.84 ms, found 3 plugins.
Preloading 1 native plugins for Editor in 0.50 ms.
Mono: successfully reloaded assembly
- Completed reload, in  1.397 seconds
Domain Reload Profiling:
	ReloadAssembly (1398ms)
		BeginReloadAssembly (169ms)
			ExecutionOrderSort (0ms)
			DisableScriptedObjects (5ms)
			BackupInstance (0ms)
			ReleaseScriptingObjects (0ms)
			CreateAndSetChildDomain (83ms)
		EndReloadAssembly (1161ms)
			LoadAssemblies (102ms)
			RebuildTransferFunctionScriptingTraits (0ms)
			SetupTypeCache (396ms)
			ReleaseScriptCaches (2ms)
			RebuildScriptCaches (57ms)
			SetupLoadedEditorAssemblies (405ms)
				LogAssemblyErrors (0ms)
				InitializePlatformSupportModulesInManaged (4ms)
				SetLoadedEditorAssemblies (0ms)
				RefreshPlugins (1ms)
				BeforeProcessingInitializeOnLoad (127ms)
				ProcessInitializeOnLoadAttributes (266ms)
				ProcessInitializeOnLoadMethodAttributes (4ms)
				AfterProcessingInitializeOnLoad (2ms)
				EditorAssembliesLoaded (0ms)
			ExecutionOrderSort2 (0ms)
			AwakeInstancesAfterBackupRestoration (16ms)
Platform modules already initialized, skipping
Refreshing native plugins compatible for Editor in 0.81 ms, found 3 plugins.
Preloading 1 native plugins for Editor in 0.45 ms.
Unloading 3464 Unused Serialized files (Serialized files now loaded: 0)
System memory in use before: 283.1 MB.
System memory in use after: 283.3 MB.

Unloading 17 unused Assets to reduce memory usage. Loaded Objects now: 4176.
Total: 5.066508 ms (FindLiveObjects: 0.485222 ms CreateObjectMapping: 0.228691 ms MarkObjects: 4.250921 ms  DeleteObjects: 0.101066 ms)

AssetImportParameters requested are different than current active one (requested -> active):
  custom:video-decoder-ogg-theora: a1e56fd34408186e4bbccfd4996cb3dc -> 
  custom:container-muxer-webm: aa71ff27fc2769a1b78a27578f13a17b -> 
  custom:container-demuxer-webm: 4f35f7cbe854078d1ac9338744f61a02 -> 
  custom:container-demuxer-ogg: 62fdf1f143b41e24485cea50d1cbac27 -> 
  custom:video-encoder-webm-vp8: eb34c28f22e8b96e1ab97ce403110664 -> 
  custom:framework-osx-AVFoundation: b23960f63f64bdc6ff669e2cdcee2391 -> 
  custom:video-decoder-webm-vp8: 9c59270c3fd7afecdb556c50c9e8de78 -> 
  custom:audio-decoder-ogg-vorbis: bf7c407c2cedff20999df2af8eb42d56 -> 
  custom:audio-encoder-webm-vorbis: bf7c407c2cedff20999df2af8eb42d56 -> 
========================================================================
Received Prepare
Registering precompiled user dll's ...
Registered in 0.002716 seconds.
Begin MonoManager ReloadAssembly
Native extension for OSXStandalone target not found
Refreshing native plugins compatible for Editor in 0.80 ms, found 3 plugins.
Preloading 1 native plugins for Editor in 0.49 ms.
Mono: successfully reloaded assembly
- Completed reload, in  1.415 seconds
Domain Reload Profiling:
	ReloadAssembly (1415ms)
		BeginReloadAssembly (173ms)
			ExecutionOrderSort (0ms)
			DisableScriptedObjects (5ms)
			BackupInstance (0ms)
			ReleaseScriptingObjects (0ms)
			CreateAndSetChildDomain (87ms)
		EndReloadAssembly (1174ms)
			LoadAssemblies (102ms)
			RebuildTransferFunctionScriptingTraits (0ms)
			SetupTypeCache (402ms)
			ReleaseScriptCaches (2ms)
			RebuildScriptCaches (57ms)
			SetupLoadedEditorAssemblies (407ms)
				LogAssemblyErrors (0ms)
				InitializePlatformSupportModulesInManaged (4ms)
				SetLoadedEditorAssemblies (1ms)
				RefreshPlugins (1ms)
				BeforeProcessingInitializeOnLoad (128ms)
				ProcessInitializeOnLoadAttributes (267ms)
				ProcessInitializeOnLoadMethodAttributes (4ms)
				AfterProcessingInitializeOnLoad (1ms)
				EditorAssembliesLoaded (0ms)
			ExecutionOrderSort2 (0ms)
			AwakeInstancesAfterBackupRestoration (18ms)
Platform modules already initialized, skipping
Refreshing native plugins compatible for Editor in 0.82 ms, found 3 plugins.
Preloading 1 native plugins for Editor in 0.49 ms.
Unloading 3464 Unused Serialized files (Serialized files now loaded: 0)
System memory in use before: 283.4 MB.
System memory in use after: 283.6 MB.

Unloading 17 unused Assets to reduce memory usage. Loaded Objects now: 4179.
Total: 4.944351 ms (FindLiveObjects: 0.503044 ms CreateObjectMapping: 0.215943 ms MarkObjects: 4.123358 ms  DeleteObjects: 0.101248 ms)

AssetImportParameters requested are different than current active one (requested -> active):
  custom:video-decoder-ogg-theora: a1e56fd34408186e4bbccfd4996cb3dc -> 
  custom:container-muxer-webm: aa71ff27fc2769a1b78a27578f13a17b -> 
  custom:container-demuxer-webm: 4f35f7cbe854078d1ac9338744f61a02 -> 
  custom:container-demuxer-ogg: 62fdf1f143b41e24485cea50d1cbac27 -> 
  custom:video-encoder-webm-vp8: eb34c28f22e8b96e1ab97ce403110664 -> 
  custom:framework-osx-AVFoundation: b23960f63f64bdc6ff669e2cdcee2391 -> 
  custom:video-decoder-webm-vp8: 9c59270c3fd7afecdb556c50c9e8de78 -> 
  custom:audio-decoder-ogg-vorbis: bf7c407c2cedff20999df2af8eb42d56 -> 
  custom:audio-encoder-webm-vorbis: bf7c407c2cedff20999df2af8eb42d56 -> 
========================================================================
Received Prepare
Registering precompiled user dll's ...
Registered in 0.002923 seconds.
Begin MonoManager ReloadAssembly
Native extension for OSXStandalone target not found
Refreshing native plugins compatible for Editor in 0.83 ms, found 3 plugins.
Preloading 1 native plugins for Editor in 0.49 ms.
Mono: successfully reloaded assembly
- Completed reload, in  1.422 seconds
Domain Reload Profiling:
	ReloadAssembly (1423ms)
		BeginReloadAssembly (170ms)
			ExecutionOrderSort (0ms)
			DisableScriptedObjects (5ms)
			BackupInstance (0ms)
			ReleaseScriptingObjects (0ms)
			CreateAndSetChildDomain (84ms)
		EndReloadAssembly (1184ms)
			LoadAssemblies (96ms)
			RebuildTransferFunctionScriptingTraits (0ms)
			SetupTypeCache (408ms)
			ReleaseScriptCaches (2ms)
			RebuildScriptCaches (59ms)
			SetupLoadedEditorAssemblies (412ms)
				LogAssemblyErrors (0ms)
				InitializePlatformSupportModulesInManaged (4ms)
				SetLoadedEditorAssemblies (1ms)
				RefreshPlugins (1ms)
				BeforeProcessingInitializeOnLoad (128ms)
				ProcessInitializeOnLoadAttributes (271ms)
				ProcessInitializeOnLoadMethodAttributes (4ms)
				AfterProcessingInitializeOnLoad (2ms)
				EditorAssembliesLoaded (0ms)
			ExecutionOrderSort2 (0ms)
			AwakeInstancesAfterBackupRestoration (17ms)
Platform modules already initialized, skipping
Refreshing native plugins compatible for Editor in 0.85 ms, found 3 plugins.
Preloading 1 native plugins for Editor in 0.49 ms.
Unloading 3464 Unused Serialized files (Serialized files now loaded: 0)
System memory in use before: 283.7 MB.
System memory in use after: 283.9 MB.

Unloading 17 unused Assets to reduce memory usage. Loaded Objects now: 4182.
Total: 5.011196 ms (FindLiveObjects: 0.456984 ms CreateObjectMapping: 0.205148 ms MarkObjects: 4.240419 ms  DeleteObjects: 0.108089 ms)

AssetImportParameters requested are different than current active one (requested -> active):
  custom:video-decoder-ogg-theora: a1e56fd34408186e4bbccfd4996cb3dc -> 
  custom:container-muxer-webm: aa71ff27fc2769a1b78a27578f13a17b -> 
  custom:container-demuxer-webm: 4f35f7cbe854078d1ac9338744f61a02 -> 
  custom:container-demuxer-ogg: 62fdf1f143b41e24485cea50d1cbac27 -> 
  custom:video-encoder-webm-vp8: eb34c28f22e8b96e1ab97ce403110664 -> 
  custom:framework-osx-AVFoundation: b23960f63f64bdc6ff669e2cdcee2391 -> 
  custom:video-decoder-webm-vp8: 9c59270c3fd7afecdb556c50c9e8de78 -> 
  custom:audio-decoder-ogg-vorbis: bf7c407c2cedff20999df2af8eb42d56 -> 
  custom:audio-encoder-webm-vorbis: bf7c407c2cedff20999df2af8eb42d56 -> 
========================================================================
Received Prepare
Registering precompiled user dll's ...
Registered in 0.002891 seconds.
Begin MonoManager ReloadAssembly
Native extension for OSXStandalone target not found
Refreshing native plugins compatible for Editor in 0.83 ms, found 3 plugins.
Preloading 1 native plugins for Editor in 0.50 ms.
Mono: successfully reloaded assembly
- Completed reload, in  1.417 seconds
Domain Reload Profiling:
	ReloadAssembly (1417ms)
		BeginReloadAssembly (170ms)
			ExecutionOrderSort (0ms)
			DisableScriptedObjects (5ms)
			BackupInstance (0ms)
			ReleaseScriptingObjects (0ms)
			CreateAndSetChildDomain (84ms)
		EndReloadAssembly (1178ms)
			LoadAssemblies (103ms)
			RebuildTransferFunctionScriptingTraits (0ms)
			SetupTypeCache (403ms)
			ReleaseScriptCaches (2ms)
			RebuildScriptCaches (57ms)
			SetupLoadedEditorAssemblies (407ms)
				LogAssemblyErrors (0ms)
				InitializePlatformSupportModulesInManaged (4ms)
				SetLoadedEditorAssemblies (1ms)
				RefreshPlugins (1ms)
				BeforeProcessingInitializeOnLoad (127ms)
				ProcessInitializeOnLoadAttributes (268ms)
				ProcessInitializeOnLoadMethodAttributes (4ms)
				AfterProcessingInitializeOnLoad (1ms)
				EditorAssembliesLoaded (0ms)
			ExecutionOrderSort2 (0ms)
			AwakeInstancesAfterBackupRestoration (17ms)
Platform modules already initialized, skipping
Refreshing native plugins compatible for Editor in 0.86 ms, found 3 plugins.
Preloading 1 native plugins for Editor in 0.48 ms.
Unloading 3464 Unused Serialized files (Serialized files now loaded: 0)
System memory in use before: 283.9 MB.
System memory in use after: 284.1 MB.

Unloading 17 unused Assets to reduce memory usage. Loaded Objects now: 4185.
Total: 5.054364 ms (FindLiveObjects: 0.512596 ms CreateObjectMapping: 0.217082 ms MarkObjects: 4.220108 ms  DeleteObjects: 0.103500 ms)

AssetImportParameters requested are different than current active one (requested -> active):
  custom:video-decoder-ogg-theora: a1e56fd34408186e4bbccfd4996cb3dc -> 
  custom:container-muxer-webm: aa71ff27fc2769a1b78a27578f13a17b -> 
  custom:container-demuxer-webm: 4f35f7cbe854078d1ac9338744f61a02 -> 
  custom:container-demuxer-ogg: 62fdf1f143b41e24485cea50d1cbac27 -> 
  custom:video-encoder-webm-vp8: eb34c28f22e8b96e1ab97ce403110664 -> 
  custom:framework-osx-AVFoundation: b23960f63f64bdc6ff669e2cdcee2391 -> 
  custom:video-decoder-webm-vp8: 9c59270c3fd7afecdb556c50c9e8de78 -> 
  custom:audio-decoder-ogg-vorbis: bf7c407c2cedff20999df2af8eb42d56 -> 
  custom:audio-encoder-webm-vorbis: bf7c407c2cedff20999df2af8eb42d56 -> 
========================================================================
Received Prepare
Registering precompiled user dll's ...
Registered in 0.002993 seconds.
Begin MonoManager ReloadAssembly
Native extension for OSXStandalone target not found
Refreshing native plugins compatible for Editor in 0.76 ms, found 3 plugins.
Preloading 1 native plugins for Editor in 0.42 ms.
Mono: successfully reloaded assembly
- Completed reload, in  1.249 seconds
Domain Reload Profiling:
	ReloadAssembly (1249ms)
		BeginReloadAssembly (155ms)
			ExecutionOrderSort (0ms)
			DisableScriptedObjects (4ms)
			BackupInstance (0ms)
			ReleaseScriptingObjects (0ms)
			CreateAndSetChildDomain (76ms)
		EndReloadAssembly (1034ms)
			LoadAssemblies (86ms)
			RebuildTransferFunctionScriptingTraits (0ms)
			SetupTypeCache (356ms)
			ReleaseScriptCaches (2ms)
			RebuildScriptCaches (52ms)
			SetupLoadedEditorAssemblies (359ms)
				LogAssemblyErrors (0ms)
				InitializePlatformSupportModulesInManaged (4ms)
				SetLoadedEditorAssemblies (0ms)
				RefreshPlugins (1ms)
				BeforeProcessingInitializeOnLoad (114ms)
				ProcessInitializeOnLoadAttributes (235ms)
				ProcessInitializeOnLoadMethodAttributes (4ms)
				AfterProcessingInitializeOnLoad (1ms)
				EditorAssembliesLoaded (0ms)
			ExecutionOrderSort2 (0ms)
			AwakeInstancesAfterBackupRestoration (15ms)
Platform modules already initialized, skipping
Refreshing native plugins compatible for Editor in 0.78 ms, found 3 plugins.
Preloading 1 native plugins for Editor in 0.44 ms.
Unloading 3464 Unused Serialized files (Serialized files now loaded: 0)
System memory in use before: 284.2 MB.
System memory in use after: 284.4 MB.

Unloading 17 unused Assets to reduce memory usage. Loaded Objects now: 4188.
Total: 4.735020 ms (FindLiveObjects: 0.440516 ms CreateObjectMapping: 0.194561 ms MarkObjects: 3.991690 ms  DeleteObjects: 0.107578 ms)

AssetImportParameters requested are different than current active one (requested -> active):
  custom:video-decoder-ogg-theora: a1e56fd34408186e4bbccfd4996cb3dc -> 
  custom:container-muxer-webm: aa71ff27fc2769a1b78a27578f13a17b -> 
  custom:container-demuxer-webm: 4f35f7cbe854078d1ac9338744f61a02 -> 
  custom:container-demuxer-ogg: 62fdf1f143b41e24485cea50d1cbac27 -> 
  custom:video-encoder-webm-vp8: eb34c28f22e8b96e1ab97ce403110664 -> 
  custom:framework-osx-AVFoundation: b23960f63f64bdc6ff669e2cdcee2391 -> 
  custom:video-decoder-webm-vp8: 9c59270c3fd7afecdb556c50c9e8de78 -> 
  custom:audio-decoder-ogg-vorbis: bf7c407c2cedff20999df2af8eb42d56 -> 
  custom:audio-encoder-webm-vorbis: bf7c407c2cedff20999df2af8eb42d56 -> 
========================================================================
Received Import Request.
  Time since last request: 1669.901111 seconds.
  path: Assets/Materials/Sample Material.mat
  artifactKey: Guid(0ce29df1e1c484f21ac59b4fe7decf8d) Importer(815301076,1909f56bfc062723c751e8b465ee728b)
Start importing Assets/Materials/Sample Material.mat using Guid(0ce29df1e1c484f21ac59b4fe7decf8d) Importer(815301076,1909f56bfc062723c751e8b465ee728b)  -> (artifact id: '39a048fa91c7d030d1bd93a1bb9ac315') in 0.127955 seconds 
  Import took 0.134677 seconds .

========================================================================
Received Import Request.
  Time since last request: 41.047240 seconds.
  path: Assets/Samples
  artifactKey: Guid(9d33e6dc3034f5a458424e56b4d01178) Importer(815301076,1909f56bfc062723c751e8b465ee728b)
Start importing Assets/Samples using Guid(9d33e6dc3034f5a458424e56b4d01178) Importer(815301076,1909f56bfc062723c751e8b465ee728b)  -> (artifact id: '1a781fd0b4ba3f60b55c9a2becc22131') in 0.001198 seconds 
  Import took 0.007167 seconds .

========================================================================
Received Import Request.
  Time since last request: 1.008433 seconds.
  path: Assets/Samples/Shader Graph
  artifactKey: Guid(649938c5ff81744f1a29fe223f7597da) Importer(815301076,1909f56bfc062723c751e8b465ee728b)
Start importing Assets/Samples/Shader Graph using Guid(649938c5ff81744f1a29fe223f7597da) Importer(815301076,1909f56bfc062723c751e8b465ee728b)  -> (artifact id: 'ea3151d6efa528f9df70876bf62093ca') in 0.001081 seconds 
  Import took 0.007278 seconds .

========================================================================
Received Import Request.
  Time since last request: 1.369386 seconds.
  path: Assets/Samples/Shader Graph/10.6.0
  artifactKey: Guid(03037b2127b254ae695a1e19e013a938) Importer(815301076,1909f56bfc062723c751e8b465ee728b)
Start importing Assets/Samples/Shader Graph/10.6.0 using Guid(03037b2127b254ae695a1e19e013a938) Importer(815301076,1909f56bfc062723c751e8b465ee728b)  -> (artifact id: '9f7a3c1ae7d3b0115e12ab7f1987adff') in 0.001138 seconds 
  Import took 0.007313 seconds .

========================================================================
Received Import Request.
  Time since last request: 0.971561 seconds.
  path: Assets/Samples/Shader Graph/10.6.0/Procedural Patterns/Bacteria.shadersubgraph
  artifactKey: Guid(804c76ccbe9643147a24f07885bb47ba) Importer(815301076,1909f56bfc062723c751e8b465ee728b)
Start importing Assets/Samples/Shader Graph/10.6.0/Procedural Patterns/Bacteria.shadersubgraph using Guid(804c76ccbe9643147a24f07885bb47ba) Importer(815301076,1909f56bfc062723c751e8b465ee728b)  -> (artifact id: 'a6543fa1e84b8d5a6f4588981288d64a') in 0.144705 seconds 
  Import took 0.151347 seconds .

========================================================================
Received Import Request.
  Time since last request: 0.002010 seconds.
  path: Assets/Samples/Shader Graph/10.6.0/Procedural Patterns/Hex Lattice.shadersubgraph
  artifactKey: Guid(ae6f2edd46e88d5459d149f7a35446e1) Importer(815301076,1909f56bfc062723c751e8b465ee728b)
Start importing Assets/Samples/Shader Graph/10.6.0/Procedural Patterns/Hex Lattice.shadersubgraph using Guid(ae6f2edd46e88d5459d149f7a35446e1) Importer(815301076,1909f56bfc062723c751e8b465ee728b)  -> (artifact id: 'cf94a55f242f0bed43b69e3634c9c052') in 0.003913 seconds 
  Import took 0.009977 seconds .

========================================================================
Received Import Request.
  Time since last request: 0.000225 seconds.
  path: Assets/Samples/Shader Graph/10.6.0/Procedural Patterns/Smooth Wave.shadersubgraph
  artifactKey: Guid(f450689a19af5fd4a98b097aa9136722) Importer(815301076,1909f56bfc062723c751e8b465ee728b)
Start importing Assets/Samples/Shader Graph/10.6.0/Procedural Patterns/Smooth Wave.shadersubgraph using Guid(f450689a19af5fd4a98b097aa9136722) Importer(815301076,1909f56bfc062723c751e8b465ee728b)  -> (artifact id: 'b721cd5a78fb36fd7d86bca85a21dbef') in 0.003842 seconds 
  Import took 0.009693 seconds .

========================================================================
Received Import Request.
  Time since last request: 0.000255 seconds.
  path: Assets/Samples/Shader Graph/10.6.0/Procedural Patterns/Spiral.shadersubgraph
  artifactKey: Guid(5a26cc160e0fc0a4b9c1a14cfd3d392f) Importer(815301076,1909f56bfc062723c751e8b465ee728b)
Start importing Assets/Samples/Shader Graph/10.6.0/Procedural Patterns/Spiral.shadersubgraph using Guid(5a26cc160e0fc0a4b9c1a14cfd3d392f) Importer(815301076,1909f56bfc062723c751e8b465ee728b)  -> (artifact id: 'fc97f47bb7cef1194f29f4af63bf2def') in 0.003969 seconds 
  Import took 0.009687 seconds .

========================================================================
Received Import Request.
  Time since last request: 0.000250 seconds.
  path: Assets/Samples/Shader Graph/10.6.0/Procedural Patterns/Herringbone.shadersubgraph
  artifactKey: Guid(2779352ef2443b545b86854fa838b877) Importer(815301076,1909f56bfc062723c751e8b465ee728b)
Start importing Assets/Samples/Shader Graph/10.6.0/Procedural Patterns/Herringbone.shadersubgraph using Guid(2779352ef2443b545b86854fa838b877) Importer(815301076,1909f56bfc062723c751e8b465ee728b)  -> (artifact id: '1004ba597a87fb2e841fde5f7c3755df') in 0.004890 seconds 
  Import took 0.010919 seconds .

========================================================================
Received Import Request.
  Time since last request: 0.000233 seconds.
  path: Assets/Samples/Shader Graph/10.6.0/Procedural Patterns/Zig Zag.shadersubgraph
  artifactKey: Guid(1de2640525189284b8e549fd02f813f1) Importer(815301076,1909f56bfc062723c751e8b465ee728b)
Start importing Assets/Samples/Shader Graph/10.6.0/Procedural Patterns/Zig Zag.shadersubgraph using Guid(1de2640525189284b8e549fd02f813f1) Importer(815301076,1909f56bfc062723c751e8b465ee728b)  -> (artifact id: '1e707a555ba0ea7a0e3079a81eb0722c') in 0.003823 seconds 
  Import took 0.009615 seconds .

========================================================================
Received Import Request.
  Time since last request: 0.000256 seconds.
  path: Assets/Samples/Shader Graph/10.6.0/Procedural Patterns/BacteriaSmoothstep.shadersubgraph
  artifactKey: Guid(e3991c0bfe9e06945833b46fb6e56055) Importer(815301076,1909f56bfc062723c751e8b465ee728b)
Start importing Assets/Samples/Shader Graph/10.6.0/Procedural Patterns/BacteriaSmoothstep.shadersubgraph using Guid(e3991c0bfe9e06945833b46fb6e56055) Importer(815301076,1909f56bfc062723c751e8b465ee728b)  -> (artifact id: '970e92a11d617e4aa268f0bf025af0c1') in 0.004104 seconds 
  Import took 0.009948 seconds .

========================================================================
Received Import Request.
  Time since last request: 0.000216 seconds.
  path: Assets/Samples/Shader Graph/10.6.0/Procedural Patterns/Stripes.shadersubgraph
  artifactKey: Guid(1957c4e211f004e43b5a2040d7082630) Importer(815301076,1909f56bfc062723c751e8b465ee728b)
Start importing Assets/Samples/Shader Graph/10.6.0/Procedural Patterns/Stripes.shadersubgraph using Guid(1957c4e211f004e43b5a2040d7082630) Importer(815301076,1909f56bfc062723c751e8b465ee728b)  -> (artifact id: '0a182792b228341d032909bda7c53d44') in 0.003946 seconds 
  Import took 0.009623 seconds .

========================================================================
Received Import Request.
  Time since last request: 0.000215 seconds.
  path: Assets/Samples/Shader Graph/10.6.0/Procedural Patterns/Dots.shadersubgraph
  artifactKey: Guid(c5c7000f861f300458b9a07bbecac164) Importer(815301076,1909f56bfc062723c751e8b465ee728b)
Start importing Assets/Samples/Shader Graph/10.6.0/Procedural Patterns/Dots.shadersubgraph using Guid(c5c7000f861f300458b9a07bbecac164) Importer(815301076,1909f56bfc062723c751e8b465ee728b)  -> (artifact id: '1b3b18ba5d68ef3a48b625aaaf1e0be3') in 0.003849 seconds 
  Import took 0.009584 seconds .

========================================================================
Received Import Request.
  Time since last request: 0.000237 seconds.
  path: Assets/Samples/Shader Graph/10.6.0/Procedural Patterns/Grid.shadersubgraph
  artifactKey: Guid(f2ff61a18444547458ea8849584f6bec) Importer(815301076,1909f56bfc062723c751e8b465ee728b)
Start importing Assets/Samples/Shader Graph/10.6.0/Procedural Patterns/Grid.shadersubgraph using Guid(f2ff61a18444547458ea8849584f6bec) Importer(815301076,1909f56bfc062723c751e8b465ee728b)  -> (artifact id: '31eebe7cfb2fc0bbf6c5f53a1db7714a') in 0.003604 seconds 
  Import took 0.009089 seconds .

========================================================================
Received Import Request.
  Time since last request: 0.000228 seconds.
  path: Assets/Samples/Shader Graph/10.6.0/Procedural Patterns/Brick.shadersubgraph
  artifactKey: Guid(aa594629bd691e649abe52f379f329b1) Importer(815301076,1909f56bfc062723c751e8b465ee728b)
Start importing Assets/Samples/Shader Graph/10.6.0/Procedural Patterns/Brick.shadersubgraph using Guid(aa594629bd691e649abe52f379f329b1) Importer(815301076,1909f56bfc062723c751e8b465ee728b)  -> (artifact id: '6af278e61a484915912d05149fb92fda') in 0.003879 seconds 
  Import took 0.009356 seconds .

========================================================================
Received Import Request.
  Time since last request: 0.000235 seconds.
  path: Assets/Samples/Shader Graph/10.6.0/Procedural Patterns/Whirl.shadersubgraph
  artifactKey: Guid(44f87539b2be2d24d86b8843f98ad277) Importer(815301076,1909f56bfc062723c751e8b465ee728b)
Start importing Assets/Samples/Shader Graph/10.6.0/Procedural Patterns/Whirl.shadersubgraph using Guid(44f87539b2be2d24d86b8843f98ad277) Importer(815301076,1909f56bfc062723c751e8b465ee728b)  -> (artifact id: '3ece1a80d5b6b517cc2d86e0eb3aa0c7') in 0.003733 seconds 
  Import took 0.009089 seconds .

========================================================================
Received Import Request.
  Time since last request: 0.000242 seconds.
  path: Assets/Samples/Shader Graph/10.6.0/Procedural Patterns/Houndstooth.shadersubgraph
  artifactKey: Guid(67a22abd94d077a4282e47a4cc312992) Importer(815301076,1909f56bfc062723c751e8b465ee728b)
Start importing Assets/Samples/Shader Graph/10.6.0/Procedural Patterns/Houndstooth.shadersubgraph using Guid(67a22abd94d077a4282e47a4cc312992) Importer(815301076,1909f56bfc062723c751e8b465ee728b)  -> (artifact id: '6d3ccc207cd14805ffdd26aecb83671c') in 0.003910 seconds 
  Import took 0.009282 seconds .

========================================================================
Received Import Request.
  Time since last request: 0.000259 seconds.
  path: Assets/Samples/Shader Graph/10.6.0/Procedural Patterns/Truchet.shadersubgraph
  artifactKey: Guid(443a06ee36571b848aa0cc4eb4f681b4) Importer(815301076,1909f56bfc062723c751e8b465ee728b)
Start importing Assets/Samples/Shader Graph/10.6.0/Procedural Patterns/Truchet.shadersubgraph using Guid(443a06ee36571b848aa0cc4eb4f681b4) Importer(815301076,1909f56bfc062723c751e8b465ee728b)  -> (artifact id: '8ff18f092bed693b7452757031de40a4') in 0.003813 seconds 
  Import took 0.009329 seconds .

========================================================================
Received Prepare
Registering precompiled user dll's ...
Registered in 0.003016 seconds.
Begin MonoManager ReloadAssembly
Native extension for OSXStandalone target not found
Refreshing native plugins compatible for Editor in 0.84 ms, found 3 plugins.
Preloading 1 native plugins for Editor in 0.50 ms.
Mono: successfully reloaded assembly
- Completed reload, in  1.421 seconds
Domain Reload Profiling:
	ReloadAssembly (1422ms)
		BeginReloadAssembly (176ms)
			ExecutionOrderSort (0ms)
			DisableScriptedObjects (7ms)
			BackupInstance (0ms)
			ReleaseScriptingObjects (0ms)
			CreateAndSetChildDomain (88ms)
		EndReloadAssembly (1177ms)
			LoadAssemblies (103ms)
			RebuildTransferFunctionScriptingTraits (0ms)
			SetupTypeCache (404ms)
			ReleaseScriptCaches (2ms)
			RebuildScriptCaches (56ms)
			SetupLoadedEditorAssemblies (408ms)
				LogAssemblyErrors (0ms)
				InitializePlatformSupportModulesInManaged (4ms)
				SetLoadedEditorAssemblies (0ms)
				RefreshPlugins (1ms)
				BeforeProcessingInitializeOnLoad (129ms)
				ProcessInitializeOnLoadAttributes (267ms)
				ProcessInitializeOnLoadMethodAttributes (4ms)
				AfterProcessingInitializeOnLoad (1ms)
				EditorAssembliesLoaded (0ms)
			ExecutionOrderSort2 (0ms)
			AwakeInstancesAfterBackupRestoration (18ms)
Platform modules already initialized, skipping
Refreshing native plugins compatible for Editor in 0.79 ms, found 3 plugins.
Preloading 1 native plugins for Editor in 0.53 ms.
Unloading 3464 Unused Serialized files (Serialized files now loaded: 0)
System memory in use before: 288.8 MB.
System memory in use after: 288.9 MB.

Unloading 17 unused Assets to reduce memory usage. Loaded Objects now: 4227.
Total: 4.995263 ms (FindLiveObjects: 0.508817 ms CreateObjectMapping: 0.241378 ms MarkObjects: 4.137191 ms  DeleteObjects: 0.106852 ms)

AssetImportParameters requested are different than current active one (requested -> active):
  custom:video-decoder-ogg-theora: a1e56fd34408186e4bbccfd4996cb3dc -> 
  custom:container-muxer-webm: aa71ff27fc2769a1b78a27578f13a17b -> 
  custom:container-demuxer-webm: 4f35f7cbe854078d1ac9338744f61a02 -> 
  custom:container-demuxer-ogg: 62fdf1f143b41e24485cea50d1cbac27 -> 
  custom:video-encoder-webm-vp8: eb34c28f22e8b96e1ab97ce403110664 -> 
  custom:framework-osx-AVFoundation: b23960f63f64bdc6ff669e2cdcee2391 -> 
  custom:video-decoder-webm-vp8: 9c59270c3fd7afecdb556c50c9e8de78 -> 
  custom:audio-decoder-ogg-vorbis: bf7c407c2cedff20999df2af8eb42d56 -> 
  custom:audio-encoder-webm-vorbis: bf7c407c2cedff20999df2af8eb42d56 -> 
